<?xml version="1.0" encoding="UTF-8"?>
<robot generator="Robot 6.0.2 (Python 3.9.6 on win32)" generated="20230208 21:07:42.453" rpa="false" schemaversion="3">
<suite id="s1" name="Login TC1" source="C:\Users\gs-1020\PycharmProjects\pythonProject_temp\PRACTICE\testSuites\Login_TC1.robot">
<test id="s1-t1" name="Login_to_EMS" line="8">
<kw name="Open Browser" library="SeleniumLibrary">
<arg>${Ems_log_URL}</arg>
<arg>${Browser}</arg>
<doc>Opens a new browser instance to the optional ``url``.</doc>
<msg timestamp="20230208 21:07:43.106" level="INFO">Opening browser 'Chrome' to base url 'http://10.51.98.191/apex/f?p=1000:101:121416529437853::::FAPP_CALLER_APP,FAPP_CALLER_PAGE:1001,3'.</msg>
<status status="PASS" starttime="20230208 21:07:43.105" endtime="20230208 21:07:47.336"/>
</kw>
<kw name="Set Browser Implicit Wait" library="SeleniumLibrary">
<arg>5</arg>
<doc>Sets the implicit wait value used by Selenium.</doc>
<status status="PASS" starttime="20230208 21:07:47.337" endtime="20230208 21:07:47.342"/>
</kw>
<kw name="Input Text" library="SeleniumLibrary">
<arg>${username_xpath}</arg>
<arg>${Ems_username}</arg>
<doc>Types the given ``text`` into the text field identified by ``locator``.</doc>
<msg timestamp="20230208 21:07:47.346" level="INFO">Typing text 'acxmanager' into text field 'P101_USERNAME'.</msg>
<status status="PASS" starttime="20230208 21:07:47.343" endtime="20230208 21:07:47.503"/>
</kw>
<kw name="Input Password" library="SeleniumLibrary">
<arg>${password_xpath}</arg>
<arg>${Ems_password}</arg>
<doc>Types the given password into the text field identified by ``locator``.</doc>
<msg timestamp="20230208 21:07:47.506" level="INFO">Typing password into text field 'P101_PASSWORD'.</msg>
<msg timestamp="20230208 21:07:47.596" level="INFO">Temporally setting log level to: NONE</msg>
<msg timestamp="20230208 21:07:47.688" level="INFO">Log level changed from NONE to INFO.</msg>
<status status="PASS" starttime="20230208 21:07:47.504" endtime="20230208 21:07:47.688"/>
</kw>
<kw name="Click Button" library="SeleniumLibrary">
<arg>${login_xpath}</arg>
<doc>Clicks the button identified by ``locator``.</doc>
<msg timestamp="20230208 21:07:47.691" level="INFO">Clicking button '//*[@class='button-alt1']'.</msg>
<status status="PASS" starttime="20230208 21:07:47.689" endtime="20230208 21:07:50.235"/>
</kw>
<status status="PASS" starttime="20230208 21:07:43.104" endtime="20230208 21:07:50.236"/>
</test>
<status status="PASS" starttime="20230208 21:07:42.463" endtime="20230208 21:07:50.241"/>
</suite>
<statistics>
<total>
<stat pass="1" fail="0" skip="0">All Tests</stat>
</total>
<tag>
</tag>
<suite>
<stat pass="1" fail="0" skip="0" id="s1" name="Login TC1">Login TC1</stat>
</suite>
</statistics>
<errors>
</errors>
</robot>
